<?xml version="1.0" encoding="UTF-8"?>
<!-- Generated by org.testng.reporters.JUnitXMLReporter -->
<testsuite ignored="0" hostname="USHYDBUDCHANE1" failures="2" tests="2" name="Default test" time="9.56" errors="0" timestamp="2026-03-05T12:56:41 IST">
  <testcase classname="io.cucumber.testng.AbstractTestNGCucumberTests" name="runScenario" time="4.843">
    <failure type="java.lang.NullPointerException" message="Cannot invoke &amp;quot;org.openqa.selenium.WebDriver.findElement(org.openqa.selenium.By)&amp;quot; because &amp;quot;this.driver&amp;quot; is null">
      <![CDATA[java.lang.NullPointerException: Cannot invoke "org.openqa.selenium.WebDriver.findElement(org.openqa.selenium.By)" because "this.driver" is null
at POM_Pages.LoginPage.click_login_signup_button(LoginPage.java:56)
at steps.LoginSteps.navigateToIxigo(LoginSteps.java:64)
at ✽.User is on the ixigo homepage(file:///C:/Users/budchane/Desktop/New%20folder/WP/Selenium/src/test/resources/features/feature.feature:4)
]]>
    </failure>
  </testcase> <!-- runScenario -->
  <testcase classname="io.cucumber.testng.AbstractTestNGCucumberTests" name="runScenario" time="3.478">
    <failure type="java.lang.AssertionError" message="Status code mismatch! URL was: https://reqres.in/api/users expected [200] but found [400]">
      <![CDATA[java.lang.AssertionError: Status code mismatch! URL was: https://reqres.in/api/users expected [200] but found [400]
at org.testng.Assert.fail(Assert.java:110)
at org.testng.Assert.failNotEquals(Assert.java:1577)
at org.testng.Assert.assertEqualsImpl(Assert.java:149)
at org.testng.Assert.assertEquals(Assert.java:131)
at org.testng.Assert.assertEquals(Assert.java:1418)
at org.testng.Assert.assertEquals(Assert.java:1382)
at steps.LoginSteps.verifyStatus(LoginSteps.java:340)
at ✽.the response status code should be 200(file:///C:/Users/budchane/Desktop/New%20folder/WP/Selenium/src/test/resources/features/validateallstatuscodes.feature:20)
]]>
    </failure>
  </testcase> <!-- runScenario -->
</testsuite> <!-- Default test -->
