<?xml version="1.0" encoding="UTF-8"?>
<testng-results ignored="0" total="4" passed="3" failed="1" skipped="0">
  <reporter-output>
  </reporter-output>
  <suite started-at="2026-03-18T11:33:03 IST" name="Suite" finished-at="2026-03-18T11:35:20 IST" duration-ms="136687">
    <groups>
      <group name="cucumber">
        <method signature="AbstractTestNGCucumberTests.runScenario(io.cucumber.testng.PickleWrapper,io.cucumber.testng.FeatureWrapper)[pri:0, instance:RunnerClasss.TestRunner@5f6722d3]" name="runScenario" class="io.cucumber.testng.AbstractTestNGCucumberTests"/>
      </group> <!-- cucumber -->
    </groups>
    <test started-at="2026-03-18T11:33:03 IST" name="Test" finished-at="2026-03-18T11:35:20 IST" duration-ms="136687">
      <class name="RunnerClasss.TestRunner">
        <test-method is-config="true" signature="setUpClass(org.testng.ITestContext)[pri:0, instance:RunnerClasss.TestRunner@5f6722d3]" started-at="2026-03-18T11:33:03 IST" name="setUpClass" finished-at="2026-03-18T11:33:04 IST" duration-ms="1015" status="PASS">
          <params>
            <param index="0">
              <value>
                <![CDATA[org.testng.TestRunner@5d3a147f]]>
              </value>
            </param>
          </params>
          <reporter-output>
          </reporter-output>
        </test-method> <!-- setUpClass -->
        <test-method signature="runScenario(io.cucumber.testng.PickleWrapper,io.cucumber.testng.FeatureWrapper)[pri:0, instance:RunnerClasss.TestRunner@5f6722d3]" started-at="2026-03-18T11:33:04 IST" name="runScenario" description="Runs Cucumber Scenarios" data-provider="scenarios" finished-at="2026-03-18T11:33:35 IST" duration-ms="30136" status="PASS">
          <params>
            <param index="0">
              <value>
                <![CDATA["Create multiple users and log results to Excel"]]>
              </value>
            </param>
            <param index="1">
              <value>
                <![CDATA["User Management API"]]>
              </value>
            </param>
          </params>
          <reporter-output>
          </reporter-output>
        </test-method> <!-- runScenario -->
        <test-method signature="runScenario(io.cucumber.testng.PickleWrapper,io.cucumber.testng.FeatureWrapper)[pri:0, instance:RunnerClasss.TestRunner@5f6722d3]" started-at="2026-03-18T11:33:35 IST" name="runScenario" description="Runs Cucumber Scenarios" data-provider="scenarios" finished-at="2026-03-18T11:35:14 IST" duration-ms="99152" status="FAIL">
          <params>
            <param index="0">
              <value>
                <![CDATA["Search for a one-way flight"]]>
              </value>
            </param>
            <param index="1">
              <value>
                <![CDATA["Flight Booking on Ixigo"]]>
              </value>
            </param>
          </params>
          <exception class="org.openqa.selenium.TimeoutException">
            <message>
              <![CDATA[Expected condition failed: waiting for element found by By.xpath: (//button[contains(text(), 'Book')])[1] to be clickable, but the element was not found: org.openqa.selenium.NoSuchElementException: no such element: Unable to locate element: {"method":"xpath","selector":"(//button[contains(text(), 'Book')])[1]"}.
(tried for 15 seconds with 500 milliseconds interval)
Build info: version: '4.40.0', revision: 'b3333f1'
System info: os.name: 'Windows 11', os.arch: 'amd64', os.version: '10.0', java.version: '21.0.9'
Driver info: org.openqa.selenium.chrome.ChromeDriver
Capabilities {acceptInsecureCerts: false, browserName: chrome, browserVersion: 146.0.7680.75, chrome: {chromedriverVersion: 146.0.7680.80 (f08938029c88..., userDataDir: C:\Users\budchane\AppData\L...}, fedcm:accounts: true, goog:chromeOptions: {debuggerAddress: localhost:50353}, goog:processID: 4864, networkConnectionEnabled: false, pageLoadStrategy: normal, platformName: windows, proxy: Proxy(), se:cdp: ws://localhost:50353/devtoo..., se:cdpVersion: 146.0.7680.75, setWindowRect: true, strictFileInteractability: false, timeouts: {implicit: 0, pageLoad: 300000, script: 30000}, unhandledPromptBehavior: dismiss and notify, webauthn:extension:credBlob: true, webauthn:extension:largeBlob: true, webauthn:extension:minPinLength: true, webauthn:extension:prf: true, webauthn:virtualAuthenticators: true}
Session ID: 2945242c54f90a9d6e54f84613c41c95]]>
            </message>
            <full-stacktrace>
              <![CDATA[org.openqa.selenium.TimeoutException: Expected condition failed: waiting for element found by By.xpath: (//button[contains(text(), 'Book')])[1] to be clickable, but the element was not found: org.openqa.selenium.NoSuchElementException: no such element: Unable to locate element: {"method":"xpath","selector":"(//button[contains(text(), 'Book')])[1]"}.
(tried for 15 seconds with 500 milliseconds interval)
Build info: version: '4.40.0', revision: 'b3333f1'
System info: os.name: 'Windows 11', os.arch: 'amd64', os.version: '10.0', java.version: '21.0.9'
Driver info: org.openqa.selenium.chrome.ChromeDriver
Capabilities {acceptInsecureCerts: false, browserName: chrome, browserVersion: 146.0.7680.75, chrome: {chromedriverVersion: 146.0.7680.80 (f08938029c88..., userDataDir: C:\Users\budchane\AppData\L...}, fedcm:accounts: true, goog:chromeOptions: {debuggerAddress: localhost:50353}, goog:processID: 4864, networkConnectionEnabled: false, pageLoadStrategy: normal, platformName: windows, proxy: Proxy(), se:cdp: ws://localhost:50353/devtoo..., se:cdpVersion: 146.0.7680.75, setWindowRect: true, strictFileInteractability: false, timeouts: {implicit: 0, pageLoad: 300000, script: 30000}, unhandledPromptBehavior: dismiss and notify, webauthn:extension:credBlob: true, webauthn:extension:largeBlob: true, webauthn:extension:minPinLength: true, webauthn:extension:prf: true, webauthn:virtualAuthenticators: true}
Session ID: 2945242c54f90a9d6e54f84613c41c95
at org.openqa.selenium.support.ui.WebDriverWait.timeoutException(WebDriverWait.java:84)
at org.openqa.selenium.support.ui.FluentWait.until(FluentWait.java:231)
at POM_Pagess.LoginPage.click_on_bookBtn(LoginPage.java:133)
at steps.LoginSteps.user_clicks_on_book_btn(LoginSteps.java:91)
at ✽.user clicks on BookBtn(file:///C:/Users/budchane/Desktop/New%20folder/WP/Selenium/src/test/resources/features/feature.feature:9)
]]>
            </full-stacktrace>
          </exception> <!-- org.openqa.selenium.TimeoutException -->
          <reporter-output>
          </reporter-output>
        </test-method> <!-- runScenario -->
        <test-method signature="runScenario(io.cucumber.testng.PickleWrapper,io.cucumber.testng.FeatureWrapper)[pri:0, instance:RunnerClasss.TestRunner@5f6722d3]" started-at="2026-03-18T11:35:14 IST" name="runScenario" description="Runs Cucumber Scenarios" data-provider="scenarios" finished-at="2026-03-18T11:35:14 IST" duration-ms="679" status="PASS">
          <params>
            <param index="0">
              <value>
                <![CDATA["404 Not Found - Missing Resource"]]>
              </value>
            </param>
            <param index="1">
              <value>
                <![CDATA["API Error Status Code Validation"]]>
              </value>
            </param>
          </params>
          <reporter-output>
          </reporter-output>
        </test-method> <!-- runScenario -->
        <test-method signature="runScenario(io.cucumber.testng.PickleWrapper,io.cucumber.testng.FeatureWrapper)[pri:0, instance:RunnerClasss.TestRunner@5f6722d3]" started-at="2026-03-18T11:35:14 IST" name="runScenario" description="Runs Cucumber Scenarios" data-provider="scenarios" finished-at="2026-03-18T11:35:15 IST" duration-ms="523" status="PASS">
          <params>
            <param index="0">
              <value>
                <![CDATA["Create multiple users and log results to Excel"]]>
              </value>
            </param>
            <param index="1">
              <value>
                <![CDATA["API Error Status Code Validation"]]>
              </value>
            </param>
          </params>
          <reporter-output>
          </reporter-output>
        </test-method> <!-- runScenario -->
        <test-method is-config="true" signature="tearDownClass()[pri:0, instance:RunnerClasss.TestRunner@5f6722d3]" started-at="2026-03-18T11:35:15 IST" name="tearDownClass" finished-at="2026-03-18T11:35:20 IST" duration-ms="5098" status="PASS">
          <reporter-output>
          </reporter-output>
        </test-method> <!-- tearDownClass -->
        <test-method is-config="true" signature="sendEmail()[pri:0, instance:RunnerClasss.TestRunner@5f6722d3]" started-at="2026-03-18T11:35:20 IST" name="sendEmail" finished-at="2026-03-18T11:35:30 IST" duration-ms="10310" status="PASS">
          <reporter-output>
          </reporter-output>
        </test-method> <!-- sendEmail -->
      </class> <!-- RunnerClasss.TestRunner -->
    </test> <!-- Test -->
  </suite> <!-- Suite -->
</testng-results>
