<?xml version="1.0" encoding="UTF-8"?>
<!-- Generated by org.testng.reporters.JUnitReportReporter -->
<testsuite hostname="USHYDBUDCHANE1" failures="0" tests="7" name="RunnerClasss.TestRunner" time="50.405" errors="1" timestamp="2026-03-05T19:03:52 IST" skipped="0">
  <testcase classname="RunnerClasss.TestRunner" name="runScenario" time="8.352"/>
  <system-out/>
  <testcase classname="RunnerClasss.TestRunner" name="runScenario" time="9.290">
    <error message="Cannot invoke &quot;org.openqa.selenium.WebDriver.findElement(org.openqa.selenium.By)&quot; because &quot;this.driver&quot; is null" type="java.lang.NullPointerException">
      <![CDATA[java.lang.NullPointerException: Cannot invoke "org.openqa.selenium.WebDriver.findElement(org.openqa.selenium.By)" because "this.driver" is null
at POM_Pages.LoginPage.click_login_signup_button(LoginPage.java:56)
at steps.LoginSteps.navigateToIxigo(LoginSteps.java:64)
at ✽.User is on the ixigo homepage(file:///C:/Users/budchane/Desktop/New%20folder/WP/Selenium/src/test/resources/features/feature.feature:4)
]]>
    </error>
  </testcase> <!-- runScenario -->
  <system-out/>
  <testcase classname="RunnerClasss.TestRunner" name="runScenario" time="22.438"/>
  <system-out/>
  <testcase classname="RunnerClasss.TestRunner" name="runScenario" time="1.834"/>
  <system-out/>
  <testcase classname="RunnerClasss.TestRunner" name="runScenario" time="6.405"/>
  <system-out/>
  <testcase classname="RunnerClasss.TestRunner" name="runScenario" time="1.125"/>
  <system-out/>
  <testcase classname="RunnerClasss.TestRunner" name="runScenario" time="0.961"/>
  <system-out/>
</testsuite> <!-- RunnerClasss.TestRunner -->
